Using pre-set license
Built from '2020.3/staging' branch; Version is '2020.3.14f1 (d0d1bb862f9d) revision 13685179'; Using compiler version '192528614'; Build Type 'Release'
OS: 'Windows 10 Pro; OS build 19042.1288; Version 2009; 64bit' Language: 'ko' Physical Memory: 16318 MB
BatchMode: 1, IsHumanControllingUs: 0, StartBugReporterOnCrash: 0, Is64bit: 1, IsPro: 0

 COMMAND LINE ARGUMENTS:
C:\Users\ifp11\Desktop\2020.3.14f1\Editor\Unity.exe
-adb2
-batchMode
-noUpm
-name
AssetImportWorker0
-projectPath
D:/unity study/Run_With_Arrow/Run With Arrow
-logFile
Logs/AssetImportWorker0.log
-srvPort
1387
Successfully changed project path to: D:/unity study/Run_With_Arrow/Run With Arrow
D:/unity study/Run_With_Arrow/Run With Arrow
Using Asset Import Pipeline V2.
Refreshing native plugins compatible for Editor in 49.88 ms, found 3 plugins.
Preloading 0 native plugins for Editor in 0.00 ms.
Initialize engine version: 2020.3.14f1 (d0d1bb862f9d)
[Subsystems] Discovering subsystems at path C:/Users/ifp11/Desktop/2020.3.14f1/Editor/Data/Resources/UnitySubsystems
[Subsystems] Discovering subsystems at path D:/unity study/Run_With_Arrow/Run With Arrow/Assets
GfxDevice: creating device client; threaded=0
Direct3D:
    Version:  Direct3D 11.0 [level 11.1]
    Renderer: Radeon RX 580 Series (ID=0x67df)
    Vendor:   
    VRAM:     8171 MB
    Driver:   27.20.14501.18003
Initialize mono
Mono path[0] = 'C:/Users/ifp11/Desktop/2020.3.14f1/Editor/Data/Managed'
Mono path[1] = 'C:/Users/ifp11/Desktop/2020.3.14f1/Editor/Data/MonoBleedingEdge/lib/mono/unityjit'
Mono config path = 'C:/Users/ifp11/Desktop/2020.3.14f1/Editor/Data/MonoBleedingEdge/etc'
Using monoOptions --debugger-agent=transport=dt_socket,embedding=1,server=y,suspend=n,address=127.0.0.1:56988
Begin MonoManager ReloadAssembly
Registering precompiled unity dll's ...
Register platform support module: C:/Users/ifp11/Desktop/2020.3.14f1/Editor/Data/PlaybackEngines/WindowsStandaloneSupport/UnityEditor.WindowsStandalone.Extensions.dll
Registered in 0.003987 seconds.
Native extension for WindowsStandalone target not found
Refreshing native plugins compatible for Editor in 48.39 ms, found 3 plugins.
Preloading 0 native plugins for Editor in 0.00 ms.
Mono: successfully reloaded assembly
- Completed reload, in  3.228 seconds
Domain Reload Profiling:
	ReloadAssembly (3228ms)
		BeginReloadAssembly (86ms)
			ExecutionOrderSort (0ms)
			DisableScriptedObjects (0ms)
			BackupInstance (0ms)
			ReleaseScriptingObjects (0ms)
			CreateAndSetChildDomain (1ms)
		EndReloadAssembly (489ms)
			LoadAssemblies (81ms)
			RebuildTransferFunctionScriptingTraits (0ms)
			SetupTypeCache (170ms)
			ReleaseScriptCaches (0ms)
			RebuildScriptCaches (34ms)
			SetupLoadedEditorAssemblies (189ms)
				LogAssemblyErrors (0ms)
				InitializePlatformSupportModulesInManaged (5ms)
				SetLoadedEditorAssemblies (0ms)
				RefreshPlugins (49ms)
				BeforeProcessingInitializeOnLoad (16ms)
				ProcessInitializeOnLoadAttributes (86ms)
				ProcessInitializeOnLoadMethodAttributes (33ms)
				AfterProcessingInitializeOnLoad (0ms)
				EditorAssembliesLoaded (0ms)
			ExecutionOrderSort2 (0ms)
			AwakeInstancesAfterBackupRestoration (0ms)
Platform modules already initialized, skipping
Registering precompiled user dll's ...
Registered in 0.006800 seconds.
Begin MonoManager ReloadAssembly
Native extension for WindowsStandalone target not found
Refreshing native plugins compatible for Editor in 50.43 ms, found 3 plugins.
Preloading 0 native plugins for Editor in 0.00 ms.
Mono: successfully reloaded assembly
- Completed reload, in  1.342 seconds
Domain Reload Profiling:
	ReloadAssembly (1343ms)
		BeginReloadAssembly (194ms)
			ExecutionOrderSort (0ms)
			DisableScriptedObjects (5ms)
			BackupInstance (0ms)
			ReleaseScriptingObjects (0ms)
			CreateAndSetChildDomain (21ms)
		EndReloadAssembly (1062ms)
			LoadAssemblies (144ms)
			RebuildTransferFunctionScriptingTraits (0ms)
			SetupTypeCache (329ms)
			ReleaseScriptCaches (1ms)
			RebuildScriptCaches (52ms)
			SetupLoadedEditorAssemblies (413ms)
				LogAssemblyErrors (0ms)
				InitializePlatformSupportModulesInManaged (5ms)
				SetLoadedEditorAssemblies (0ms)
				RefreshPlugins (51ms)
				BeforeProcessingInitializeOnLoad (96ms)
				ProcessInitializeOnLoadAttributes (229ms)
				ProcessInitializeOnLoadMethodAttributes (15ms)
				AfterProcessingInitializeOnLoad (17ms)
				EditorAssembliesLoaded (0ms)
			ExecutionOrderSort2 (0ms)
			AwakeInstancesAfterBackupRestoration (8ms)
Platform modules already initialized, skipping
========================================================================
Worker process is ready to serve import requests
Launched and connected shader compiler UnityShaderCompiler.exe after 0.08 seconds
Refreshing native plugins compatible for Editor in 0.63 ms, found 3 plugins.
Preloading 0 native plugins for Editor in 0.00 ms.
Unloading 2087 Unused Serialized files (Serialized files now loaded: 0)
System memory in use before: 93.0 MB.
System memory in use after: 93.0 MB.

Unloading 33 unused Assets to reduce memory usage. Loaded Objects now: 2520.
Total: 3.084300 ms (FindLiveObjects: 0.285900 ms CreateObjectMapping: 0.066000 ms MarkObjects: 2.559300 ms  DeleteObjects: 0.171800 ms)

AssetImportParameters requested are different than current active one (requested -> active):
  custom:framework-win-MediaFoundation: 216162199b28c13a410421893ffa2e32 -> 
  custom:video-decoder-ogg-theora: a1e56fd34408186e4bbccfd4996cb3dc -> 
  custom:container-muxer-webm: aa71ff27fc2769a1b78a27578f13a17b -> 
  custom:container-demuxer-webm: 4f35f7cbe854078d1ac9338744f61a02 -> 
  custom:container-demuxer-ogg: 62fdf1f143b41e24485cea50d1cbac27 -> 
  custom:video-encoder-webm-vp8: eb34c28f22e8b96e1ab97ce403110664 -> 
  custom:video-decoder-webm-vp8: 9c59270c3fd7afecdb556c50c9e8de78 -> 
  custom:audio-decoder-ogg-vorbis: bf7c407c2cedff20999df2af8eb42d56 -> 
  custom:audio-encoder-webm-vorbis: bf7c407c2cedff20999df2af8eb42d56 -> 
========================================================================
Received Import Request.
  path: Assets/Script/TitleMoveGround.cs
  artifactKey: Guid(34d9ef82a8a3bc64aa4303154406076f) Importer(815301076,1909f56bfc062723c751e8b465ee728b)
Start importing Assets/Script/TitleMoveGround.cs using Guid(34d9ef82a8a3bc64aa4303154406076f) Importer(815301076,1909f56bfc062723c751e8b465ee728b)  -> (artifact id: '701605d3f4fc589135af27dae2807a56') in 0.064074 seconds 
  Import took 0.068296 seconds .

========================================================================
Received Import Request.
  Time since last request: 4.337303 seconds.
  path: Assets/Script/InputManager.cs
  artifactKey: Guid(b9f778a766e645c4f815cf3f2bf79d1f) Importer(815301076,1909f56bfc062723c751e8b465ee728b)
Start importing Assets/Script/InputManager.cs using Guid(b9f778a766e645c4f815cf3f2bf79d1f) Importer(815301076,1909f56bfc062723c751e8b465ee728b)  -> (artifact id: '4c979d3d148ce227a9371247b20f6262') in 0.007987 seconds 
  Import took 0.011679 seconds .

========================================================================
Received Import Request.
  Time since last request: 59.325161 seconds.
  path: Assets/Tilemap/ground.prefab
  artifactKey: Guid(ee98f522d98bbf741a942bb9e3bb4e42) Importer(815301076,1909f56bfc062723c751e8b465ee728b)
Start importing Assets/Tilemap/ground.prefab using Guid(ee98f522d98bbf741a942bb9e3bb4e42) Importer(815301076,1909f56bfc062723c751e8b465ee728b)  -> (artifact id: '380f7b55b18bb3587aff8a27f8b64bfb') in 0.105959 seconds 
  Import took 0.110052 seconds .

========================================================================
Received Import Request.
  Time since last request: 0.000245 seconds.
  path: Assets/Tilemap/Terrain (16x16)_1.asset
  artifactKey: Guid(8347eea4c84071e42936f5ddc31f37f3) Importer(815301076,1909f56bfc062723c751e8b465ee728b)
Start importing Assets/Tilemap/Terrain (16x16)_1.asset using Guid(8347eea4c84071e42936f5ddc31f37f3) Importer(815301076,1909f56bfc062723c751e8b465ee728b)  -> (artifact id: 'fde9c280ed2dd03f6da95dec4e41377f') in 0.028509 seconds 
  Import took 0.031921 seconds .

========================================================================
Received Import Request.
  Time since last request: 0.000258 seconds.
  path: Assets/Tilemap/Terrain (16x16)_12.asset
  artifactKey: Guid(6b3fdf4fd0f11cc46934c9dfa1d4e2fa) Importer(815301076,1909f56bfc062723c751e8b465ee728b)
Start importing Assets/Tilemap/Terrain (16x16)_12.asset using Guid(6b3fdf4fd0f11cc46934c9dfa1d4e2fa) Importer(815301076,1909f56bfc062723c751e8b465ee728b)  -> (artifact id: 'c0406c0ca09839172b923a0bb9245bc6') in 0.022487 seconds 
  Import took 0.026795 seconds .

========================================================================
Received Import Request.
  Time since last request: 0.000346 seconds.
  path: Assets/Tilemap/Terrain (16x16)_7.asset
  artifactKey: Guid(8d69550182b0e7c42a9a16d654928d89) Importer(815301076,1909f56bfc062723c751e8b465ee728b)
Start importing Assets/Tilemap/Terrain (16x16)_7.asset using Guid(8d69550182b0e7c42a9a16d654928d89) Importer(815301076,1909f56bfc062723c751e8b465ee728b)  -> (artifact id: '136c1ca9523832e3c4808b41a12801c8') in 0.016463 seconds 
  Import took 0.021179 seconds .

========================================================================
Received Import Request.
  Time since last request: 0.000274 seconds.
  path: Assets/Tilemap/Terrain (16x16)_4.asset
  artifactKey: Guid(e80b9dd26cc89de448a9443b962ed64e) Importer(815301076,1909f56bfc062723c751e8b465ee728b)
Start importing Assets/Tilemap/Terrain (16x16)_4.asset using Guid(e80b9dd26cc89de448a9443b962ed64e) Importer(815301076,1909f56bfc062723c751e8b465ee728b)  -> (artifact id: 'c9f243ab923f1568695564187936931b') in 0.013982 seconds 
  Import took 0.017714 seconds .

========================================================================
Received Import Request.
  Time since last request: 0.000336 seconds.
  path: Assets/Tilemap/Terrain (16x16)_15.asset
  artifactKey: Guid(247e9294c335f484d99fd7afa99c6beb) Importer(815301076,1909f56bfc062723c751e8b465ee728b)
Start importing Assets/Tilemap/Terrain (16x16)_15.asset using Guid(247e9294c335f484d99fd7afa99c6beb) Importer(815301076,1909f56bfc062723c751e8b465ee728b)  -> (artifact id: '1eac1de0927841095755ea3a2ad77e93') in 0.016107 seconds 
  Import took 0.020184 seconds .

========================================================================
Received Import Request.
  Time since last request: 0.000330 seconds.
  path: Assets/Tilemap/Terrain (16x16)_17.asset
  artifactKey: Guid(a6d7edbf54299f44aaca3e6b5b2b15fb) Importer(815301076,1909f56bfc062723c751e8b465ee728b)
Start importing Assets/Tilemap/Terrain (16x16)_17.asset using Guid(a6d7edbf54299f44aaca3e6b5b2b15fb) Importer(815301076,1909f56bfc062723c751e8b465ee728b)  -> (artifact id: '54a944409c7d7f9e77bb111501de6d25') in 0.014351 seconds 
  Import took 0.018441 seconds .

========================================================================
Received Import Request.
  Time since last request: 0.000246 seconds.
  path: Assets/Tilemap/Terrain (16x16)_8.asset
  artifactKey: Guid(51532ff83c3308347918acee24a08104) Importer(815301076,1909f56bfc062723c751e8b465ee728b)
Start importing Assets/Tilemap/Terrain (16x16)_8.asset using Guid(51532ff83c3308347918acee24a08104) Importer(815301076,1909f56bfc062723c751e8b465ee728b)  -> (artifact id: 'f2b7d63d8ecbee18199b4c986f16966d') in 0.013310 seconds 
  Import took 0.017170 seconds .

========================================================================
Received Import Request.
  Time since last request: 0.000308 seconds.
  path: Assets/Tilemap/Terrain (16x16)_3.asset
  artifactKey: Guid(a6e8bfc7ebe265046a207520eddc6e9f) Importer(815301076,1909f56bfc062723c751e8b465ee728b)
Start importing Assets/Tilemap/Terrain (16x16)_3.asset using Guid(a6e8bfc7ebe265046a207520eddc6e9f) Importer(815301076,1909f56bfc062723c751e8b465ee728b)  -> (artifact id: '63a0c5326c3fdeee614a40202665965b') in 0.012529 seconds 
  Import took 0.016332 seconds .

========================================================================
Received Import Request.
  Time since last request: 0.000266 seconds.
  path: Assets/Tilemap/Terrain (16x16)_11.asset
  artifactKey: Guid(e48777e50c62a8c41a57d2cde827d373) Importer(815301076,1909f56bfc062723c751e8b465ee728b)
Start importing Assets/Tilemap/Terrain (16x16)_11.asset using Guid(e48777e50c62a8c41a57d2cde827d373) Importer(815301076,1909f56bfc062723c751e8b465ee728b)  -> (artifact id: '4c3e126cc3ef777f408133e41a1f7582') in 0.012354 seconds 
  Import took 0.016683 seconds .

========================================================================
Received Import Request.
  Time since last request: 0.000294 seconds.
  path: Assets/Tilemap/Terrain (16x16)_2.asset
  artifactKey: Guid(ec354cc357c09464e98410b4613dbd30) Importer(815301076,1909f56bfc062723c751e8b465ee728b)
Start importing Assets/Tilemap/Terrain (16x16)_2.asset using Guid(ec354cc357c09464e98410b4613dbd30) Importer(815301076,1909f56bfc062723c751e8b465ee728b)  -> (artifact id: '0e93467b5748b6b902c5077e465f6499') in 0.011540 seconds 
  Import took 0.015370 seconds .

========================================================================
Received Import Request.
  Time since last request: 0.000248 seconds.
  path: Assets/Tilemap/Terrain (16x16)_10.asset
  artifactKey: Guid(0b18b52f766497f4fbc5794d1aa69e01) Importer(815301076,1909f56bfc062723c751e8b465ee728b)
Start importing Assets/Tilemap/Terrain (16x16)_10.asset using Guid(0b18b52f766497f4fbc5794d1aa69e01) Importer(815301076,1909f56bfc062723c751e8b465ee728b)  -> (artifact id: '9385616a5fdf7861c15f4a66d2e2d5bc') in 0.013820 seconds 
  Import took 0.017495 seconds .

========================================================================
Received Import Request.
  Time since last request: 0.000270 seconds.
  path: Assets/Tilemap/Terrain (16x16)_0.asset
  artifactKey: Guid(b814a85676fa7ed43a75f7bc03af1121) Importer(815301076,1909f56bfc062723c751e8b465ee728b)
Start importing Assets/Tilemap/Terrain (16x16)_0.asset using Guid(b814a85676fa7ed43a75f7bc03af1121) Importer(815301076,1909f56bfc062723c751e8b465ee728b)  -> (artifact id: 'f01cc5ef60e0aa7c8d565f3e3298d6fe') in 0.012396 seconds 
  Import took 0.016164 seconds .

========================================================================
Received Import Request.
  Time since last request: 0.000294 seconds.
  path: Assets/Tilemap/Terrain (16x16)_6.asset
  artifactKey: Guid(20a00fe595bbbe34f94e5059d5a88183) Importer(815301076,1909f56bfc062723c751e8b465ee728b)
Start importing Assets/Tilemap/Terrain (16x16)_6.asset using Guid(20a00fe595bbbe34f94e5059d5a88183) Importer(815301076,1909f56bfc062723c751e8b465ee728b)  -> (artifact id: '759ec0e1c0d04851084ea8f7c3408a89') in 0.011655 seconds 
  Import took 0.015426 seconds .

========================================================================
Received Import Request.
  Time since last request: 0.000252 seconds.
  path: Assets/Tilemap/Terrain (16x16)_14.asset
  artifactKey: Guid(8953ba994f5509a42b6b16e281486ab5) Importer(815301076,1909f56bfc062723c751e8b465ee728b)
Start importing Assets/Tilemap/Terrain (16x16)_14.asset using Guid(8953ba994f5509a42b6b16e281486ab5) Importer(815301076,1909f56bfc062723c751e8b465ee728b)  -> (artifact id: 'd628e4c3b8226c433a0954f2f91e7dd0') in 0.011865 seconds 
  Import took 0.015462 seconds .

========================================================================
Received Import Request.
  Time since last request: 0.000310 seconds.
  path: Assets/Tilemap/Terrain (16x16)_5.asset
  artifactKey: Guid(0e5c9d189720e5044bf229a5e7950d0a) Importer(815301076,1909f56bfc062723c751e8b465ee728b)
Start importing Assets/Tilemap/Terrain (16x16)_5.asset using Guid(0e5c9d189720e5044bf229a5e7950d0a) Importer(815301076,1909f56bfc062723c751e8b465ee728b)  -> (artifact id: 'b8be565e9b80ec89b077cac0094958a6') in 0.013438 seconds 
  Import took 0.017729 seconds .

========================================================================
Received Import Request.
  Time since last request: 0.000333 seconds.
  path: Assets/Tilemap/Terrain (16x16)_9.asset
  artifactKey: Guid(e9f986ff27833ba479879b6f8d5dc31b) Importer(815301076,1909f56bfc062723c751e8b465ee728b)
Start importing Assets/Tilemap/Terrain (16x16)_9.asset using Guid(e9f986ff27833ba479879b6f8d5dc31b) Importer(815301076,1909f56bfc062723c751e8b465ee728b)  -> (artifact id: '9b47387a327aa3cc645fb9ae9a7ce467') in 0.015210 seconds 
  Import took 0.018680 seconds .

========================================================================
Received Import Request.
  Time since last request: 0.000245 seconds.
  path: Assets/Tilemap/Terrain (16x16)_13.asset
  artifactKey: Guid(eb97a47a63a0aaf46b82b0e6352c1bdd) Importer(815301076,1909f56bfc062723c751e8b465ee728b)
Start importing Assets/Tilemap/Terrain (16x16)_13.asset using Guid(eb97a47a63a0aaf46b82b0e6352c1bdd) Importer(815301076,1909f56bfc062723c751e8b465ee728b)  -> (artifact id: '390b0d114ac35b7d582809031b8830fb') in 0.012635 seconds 
  Import took 0.016095 seconds .

========================================================================
Received Import Request.
  Time since last request: 0.000269 seconds.
  path: Assets/Tilemap/Terrain (16x16)_16.asset
  artifactKey: Guid(2d6a18f767c6d8b4ba72e7614d10d6a8) Importer(815301076,1909f56bfc062723c751e8b465ee728b)
Start importing Assets/Tilemap/Terrain (16x16)_16.asset using Guid(2d6a18f767c6d8b4ba72e7614d10d6a8) Importer(815301076,1909f56bfc062723c751e8b465ee728b)  -> (artifact id: 'b6ec7d3ae36bf4ec23f9638541be871d') in 0.012453 seconds 
  Import took 0.016093 seconds .

========================================================================
Received Import Request.
  Time since last request: 4.248348 seconds.
  path: Assets/Scenes/InGame.unity
  artifactKey: Guid(1fed61aec3c4d6a409b72d6fa9953fcf) Importer(815301076,1909f56bfc062723c751e8b465ee728b)
Start importing Assets/Scenes/InGame.unity using Guid(1fed61aec3c4d6a409b72d6fa9953fcf) Importer(815301076,1909f56bfc062723c751e8b465ee728b)  -> (artifact id: 'e1977bb217684f3f12d1582caaeb2a8b') in 0.007723 seconds 
  Import took 0.011287 seconds .

========================================================================
Received Import Request.
  Time since last request: 782.558760 seconds.
  path: Assets/arrow.png
  artifactKey: Guid(cb66414edc22d734a9e2ae75b9a4319f) Importer(815301076,1909f56bfc062723c751e8b465ee728b)
Start importing Assets/arrow.png using Guid(cb66414edc22d734a9e2ae75b9a4319f) Importer(815301076,1909f56bfc062723c751e8b465ee728b)  -> (artifact id: '14977ac50536c9329c8748534106154b') in 0.114968 seconds 
  Import took 0.118803 seconds .

========================================================================
Received Import Request.
  Time since last request: 3.374956 seconds.
  path: Assets/Pixel Adventure 1
  artifactKey: Guid(b16812beb5144ea42935c9a64749fb55) Importer(815301076,1909f56bfc062723c751e8b465ee728b)
Start importing Assets/Pixel Adventure 1 using Guid(b16812beb5144ea42935c9a64749fb55) Importer(815301076,1909f56bfc062723c751e8b465ee728b)  -> (artifact id: 'f3c69778da0fb36ae6b7cd9f3b1293e1') in 0.008671 seconds 
  Import took 0.012333 seconds .

========================================================================
Received Import Request.
  Time since last request: 2.258972 seconds.
  path: Assets/CharacterAnimation
  artifactKey: Guid(a06c94fc5494a4e47beeab1711547917) Importer(815301076,1909f56bfc062723c751e8b465ee728b)
Start importing Assets/CharacterAnimation using Guid(a06c94fc5494a4e47beeab1711547917) Importer(815301076,1909f56bfc062723c751e8b465ee728b)  -> (artifact id: '2b2c79494c3c18f432854353fa4f7338') in 0.008542 seconds 
  Import took 0.012064 seconds .

========================================================================
Received Import Request.
  Time since last request: 4.636255 seconds.
  path: Assets/Scenes
  artifactKey: Guid(08ffbc931bcd4cc438c3de60d8879970) Importer(815301076,1909f56bfc062723c751e8b465ee728b)
Start importing Assets/Scenes using Guid(08ffbc931bcd4cc438c3de60d8879970) Importer(815301076,1909f56bfc062723c751e8b465ee728b)  -> (artifact id: 'e71560b5e76e02791071b3adab691f2b') in 0.009012 seconds 
  Import took 0.012464 seconds .

========================================================================
Received Import Request.
  Time since last request: 0.339872 seconds.
  path: Assets/Script
  artifactKey: Guid(7a25ed0f585882749a976c84f40e922d) Importer(815301076,1909f56bfc062723c751e8b465ee728b)
Start importing Assets/Script using Guid(7a25ed0f585882749a976c84f40e922d) Importer(815301076,1909f56bfc062723c751e8b465ee728b)  -> (artifact id: '0f0711463a226652e64c9a22cc40c20d') in 0.007058 seconds 
  Import took 0.010503 seconds .

========================================================================
Received Import Request.
  Time since last request: 0.469598 seconds.
  path: Assets/Tilemap
  artifactKey: Guid(2d3ea949aadc75d4ca257122919ad846) Importer(815301076,1909f56bfc062723c751e8b465ee728b)
Start importing Assets/Tilemap using Guid(2d3ea949aadc75d4ca257122919ad846) Importer(815301076,1909f56bfc062723c751e8b465ee728b)  -> (artifact id: '6a6e07b6b5c81190a58a643c92bcb0aa') in 0.006851 seconds 
  Import took 0.010289 seconds .

========================================================================
Received Import Request.
  Time since last request: 0.989403 seconds.
  path: Assets/prefeb
  artifactKey: Guid(2f0ccac4cdc65114d88aeb33a6579598) Importer(815301076,1909f56bfc062723c751e8b465ee728b)
Start importing Assets/prefeb using Guid(2f0ccac4cdc65114d88aeb33a6579598) Importer(815301076,1909f56bfc062723c751e8b465ee728b)  -> (artifact id: 'd588cd0bca6fd1a5a56c84e53c933a0d') in 0.007528 seconds 
  Import took 0.010948 seconds .

========================================================================
Received Import Request.
  Time since last request: 13.984703 seconds.
  path: Assets/prefeb/arrow
  artifactKey: Guid(84601b7aaf156774d8aaefcd8991b5cf) Importer(815301076,1909f56bfc062723c751e8b465ee728b)
Start importing Assets/prefeb/arrow using Guid(84601b7aaf156774d8aaefcd8991b5cf) Importer(815301076,1909f56bfc062723c751e8b465ee728b)  -> (artifact id: '6dfba96f50963544429f5459ef658ed8') in 0.005583 seconds 
  Import took 0.009404 seconds .

========================================================================
Received Import Request.
  Time since last request: 15.837444 seconds.
  path: Assets/prefeb/arrow.png
  artifactKey: Guid(cb66414edc22d734a9e2ae75b9a4319f) Importer(815301076,1909f56bfc062723c751e8b465ee728b)
Start importing Assets/prefeb/arrow.png using Guid(cb66414edc22d734a9e2ae75b9a4319f) Importer(815301076,1909f56bfc062723c751e8b465ee728b)  -> (artifact id: '807a90c424f9cbc4d242f9f90c4aff5b') in 0.010139 seconds 
  Import took 0.013659 seconds .

========================================================================
Received Import Request.
  Time since last request: 0.004120 seconds.
  path: Assets/prefeb/arrow.png
  artifactKey: Guid(cb66414edc22d734a9e2ae75b9a4319f) Importer(815301076,1909f56bfc062723c751e8b465ee728b)
Start importing Assets/prefeb/arrow.png using Guid(cb66414edc22d734a9e2ae75b9a4319f) Importer(815301076,1909f56bfc062723c751e8b465ee728b)  -> (artifact id: '807a90c424f9cbc4d242f9f90c4aff5b') in 0.008498 seconds 
  Import took 0.012004 seconds .

========================================================================
Received Import Request.
  Time since last request: 12.959158 seconds.
  path: Assets/prefeb/arrow.png
  artifactKey: Guid(cb66414edc22d734a9e2ae75b9a4319f) Importer(815301076,1909f56bfc062723c751e8b465ee728b)
Start importing Assets/prefeb/arrow.png using Guid(cb66414edc22d734a9e2ae75b9a4319f) Importer(815301076,1909f56bfc062723c751e8b465ee728b)  -> (artifact id: 'e34294c5cc78338f308a072aaff14286') in 0.027495 seconds 
  Import took 0.031106 seconds .

========================================================================
Received Import Request.
  Time since last request: 11.478369 seconds.
  path: Assets/prefeb/arrow.png
  artifactKey: Guid(cb66414edc22d734a9e2ae75b9a4319f) Importer(815301076,1909f56bfc062723c751e8b465ee728b)
Start importing Assets/prefeb/arrow.png using Guid(cb66414edc22d734a9e2ae75b9a4319f) Importer(815301076,1909f56bfc062723c751e8b465ee728b)  -> (artifact id: '162afce5f086ed5105ee0bc97318f3a6') in 0.024491 seconds 
  Import took 0.028995 seconds .

========================================================================
Received Import Request.
  Time since last request: 257.102917 seconds.
  path: Assets/prefeb/arrow.png
  artifactKey: Guid(cb66414edc22d734a9e2ae75b9a4319f) Importer(815301076,1909f56bfc062723c751e8b465ee728b)
Start importing Assets/prefeb/arrow.png using Guid(cb66414edc22d734a9e2ae75b9a4319f) Importer(815301076,1909f56bfc062723c751e8b465ee728b)  -> (artifact id: '2a57fa78b05962b679a11a17da7789de') in 0.026565 seconds 
  Import took 0.031029 seconds .

========================================================================
Received Import Request.
  Time since last request: 17.953173 seconds.
  path: Assets/Pixel Adventure 1/Assets/Main Characters/Virtual Guy/Idle (32x32).png
  artifactKey: Guid(40de9a8703e2e5a47882b0b86451c741) Importer(815301076,1909f56bfc062723c751e8b465ee728b)
Start importing Assets/Pixel Adventure 1/Assets/Main Characters/Virtual Guy/Idle (32x32).png using Guid(40de9a8703e2e5a47882b0b86451c741) Importer(815301076,1909f56bfc062723c751e8b465ee728b)  -> (artifact id: '4cb7e05b42fba1973c628b36f2684da3') in 0.041393 seconds 
  Import took 0.044936 seconds .

========================================================================
Received Import Request.
  Time since last request: 0.005643 seconds.
  path: Assets/Pixel Adventure 1/Assets/Main Characters/Virtual Guy/Idle (32x32).png
  artifactKey: Guid(40de9a8703e2e5a47882b0b86451c741) Importer(815301076,1909f56bfc062723c751e8b465ee728b)
Start importing Assets/Pixel Adventure 1/Assets/Main Characters/Virtual Guy/Idle (32x32).png using Guid(40de9a8703e2e5a47882b0b86451c741) Importer(815301076,1909f56bfc062723c751e8b465ee728b)  -> (artifact id: '4cb7e05b42fba1973c628b36f2684da3') in 0.034006 seconds 
  Import took 0.037397 seconds .

========================================================================
Received Prepare
Registering precompiled user dll's ...
Registered in 0.107186 seconds.
Begin MonoManager ReloadAssembly
Native extension for WindowsStandalone target not found
Refreshing native plugins compatible for Editor in 0.49 ms, found 3 plugins.
Preloading 0 native plugins for Editor in 0.00 ms.
Mono: successfully reloaded assembly
- Completed reload, in  1.219 seconds
Domain Reload Profiling:
	ReloadAssembly (1220ms)
		BeginReloadAssembly (137ms)
			ExecutionOrderSort (0ms)
			DisableScriptedObjects (7ms)
			BackupInstance (0ms)
			ReleaseScriptingObjects (0ms)
			CreateAndSetChildDomain (33ms)
		EndReloadAssembly (1003ms)
			LoadAssemblies (126ms)
			RebuildTransferFunctionScriptingTraits (0ms)
			SetupTypeCache (306ms)
			ReleaseScriptCaches (1ms)
			RebuildScriptCaches (44ms)
			SetupLoadedEditorAssemblies (421ms)
				LogAssemblyErrors (0ms)
				InitializePlatformSupportModulesInManaged (6ms)
				SetLoadedEditorAssemblies (0ms)
				RefreshPlugins (1ms)
				BeforeProcessingInitializeOnLoad (92ms)
				ProcessInitializeOnLoadAttributes (301ms)
				ProcessInitializeOnLoadMethodAttributes (6ms)
				AfterProcessingInitializeOnLoad (14ms)
				EditorAssembliesLoaded (0ms)
			ExecutionOrderSort2 (0ms)
			AwakeInstancesAfterBackupRestoration (12ms)
Platform modules already initialized, skipping
Refreshing native plugins compatible for Editor in 0.55 ms, found 3 plugins.
Preloading 0 native plugins for Editor in 0.00 ms.
Unloading 2083 Unused Serialized files (Serialized files now loaded: 0)
System memory in use before: 96.2 MB.
System memory in use after: 96.1 MB.

Unloading 21 unused Assets to reduce memory usage. Loaded Objects now: 2546.
Total: 2.323300 ms (FindLiveObjects: 0.206500 ms CreateObjectMapping: 0.053000 ms MarkObjects: 1.950900 ms  DeleteObjects: 0.111500 ms)

AssetImportParameters requested are different than current active one (requested -> active):
  custom:framework-win-MediaFoundation: 216162199b28c13a410421893ffa2e32 -> 
  custom:video-decoder-ogg-theora: a1e56fd34408186e4bbccfd4996cb3dc -> 
  custom:container-muxer-webm: aa71ff27fc2769a1b78a27578f13a17b -> 
  custom:container-demuxer-webm: 4f35f7cbe854078d1ac9338744f61a02 -> 
  custom:container-demuxer-ogg: 62fdf1f143b41e24485cea50d1cbac27 -> 
  custom:video-encoder-webm-vp8: eb34c28f22e8b96e1ab97ce403110664 -> 
  custom:video-decoder-webm-vp8: 9c59270c3fd7afecdb556c50c9e8de78 -> 
  custom:audio-decoder-ogg-vorbis: bf7c407c2cedff20999df2af8eb42d56 -> 
  custom:audio-encoder-webm-vorbis: bf7c407c2cedff20999df2af8eb42d56 -> 
========================================================================
Received Prepare
Registering precompiled user dll's ...
Registered in 0.005804 seconds.
Begin MonoManager ReloadAssembly
Native extension for WindowsStandalone target not found
Refreshing native plugins compatible for Editor in 0.49 ms, found 3 plugins.
Preloading 0 native plugins for Editor in 0.00 ms.
Mono: successfully reloaded assembly
- Completed reload, in  1.146 seconds
Domain Reload Profiling:
	ReloadAssembly (1147ms)
		BeginReloadAssembly (142ms)
			ExecutionOrderSort (0ms)
			DisableScriptedObjects (7ms)
			BackupInstance (0ms)
			ReleaseScriptingObjects (0ms)
			CreateAndSetChildDomain (31ms)
		EndReloadAssembly (924ms)
			LoadAssemblies (126ms)
			RebuildTransferFunctionScriptingTraits (0ms)
			SetupTypeCache (303ms)
			ReleaseScriptCaches (1ms)
			RebuildScriptCaches (43ms)
			SetupLoadedEditorAssemblies (335ms)
				LogAssemblyErrors (0ms)
				InitializePlatformSupportModulesInManaged (6ms)
				SetLoadedEditorAssemblies (0ms)
				RefreshPlugins (1ms)
				BeforeProcessingInitializeOnLoad (92ms)
				ProcessInitializeOnLoadAttributes (216ms)
				ProcessInitializeOnLoadMethodAttributes (6ms)
				AfterProcessingInitializeOnLoad (14ms)
				EditorAssembliesLoaded (0ms)
			ExecutionOrderSort2 (0ms)
			AwakeInstancesAfterBackupRestoration (12ms)
Platform modules already initialized, skipping
Refreshing native plugins compatible for Editor in 0.52 ms, found 3 plugins.
Preloading 0 native plugins for Editor in 0.00 ms.
Unloading 2083 Unused Serialized files (Serialized files now loaded: 0)
System memory in use before: 96.2 MB.
System memory in use after: 96.2 MB.

Unloading 21 unused Assets to reduce memory usage. Loaded Objects now: 2549.
Total: 2.434800 ms (FindLiveObjects: 0.212400 ms CreateObjectMapping: 0.049300 ms MarkObjects: 2.048900 ms  DeleteObjects: 0.123500 ms)

AssetImportParameters requested are different than current active one (requested -> active):
  custom:framework-win-MediaFoundation: 216162199b28c13a410421893ffa2e32 -> 
  custom:video-decoder-ogg-theora: a1e56fd34408186e4bbccfd4996cb3dc -> 
  custom:container-muxer-webm: aa71ff27fc2769a1b78a27578f13a17b -> 
  custom:container-demuxer-webm: 4f35f7cbe854078d1ac9338744f61a02 -> 
  custom:container-demuxer-ogg: 62fdf1f143b41e24485cea50d1cbac27 -> 
  custom:video-encoder-webm-vp8: eb34c28f22e8b96e1ab97ce403110664 -> 
  custom:video-decoder-webm-vp8: 9c59270c3fd7afecdb556c50c9e8de78 -> 
  custom:audio-decoder-ogg-vorbis: bf7c407c2cedff20999df2af8eb42d56 -> 
  custom:audio-encoder-webm-vorbis: bf7c407c2cedff20999df2af8eb42d56 -> 
========================================================================
Received Import Request.
  Time since last request: 85.118454 seconds.
  path: Assets/Script/ArrowSpawner.cs
  artifactKey: Guid(a1126b9e50e44104fb7c50b295dd7c47) Importer(815301076,1909f56bfc062723c751e8b465ee728b)
Start importing Assets/Script/ArrowSpawner.cs using Guid(a1126b9e50e44104fb7c50b295dd7c47) Importer(815301076,1909f56bfc062723c751e8b465ee728b)  -> (artifact id: '2ce05f5d46bbc55e93349ae158672bbb') in 0.012060 seconds 
  Import took 0.015421 seconds .

AssetImportWorkerClient::OnTransportError - code=2 error=End of file
